/*C4*/SET SCHEMA INVOICEDEMO
DISCONNECT
/*C5*/SET SCHEMA INVOICEDEMO
create table invoicedemo.Parentezco (id integer generated by default as identity (start with 1), activo integer, descripcion varchar(255), primary key (id))
create table invoicedemo.Polizas (id integer generated by default as identity (start with 1), activo integer, descripcion varchar(255), cedulaBeneficiario varchar(255), cedulaTitutar varchar(255), fechaDeNacimiento date, nombreBeneficiario varchar(255), nombreTitutar varchar(255), parentesco_id integer, sexo_id integer, primary key (id))
create table invoicedemo.Sexo (id integer generated by default as identity (start with 1), activo integer, descripcion varchar(255), primary key (id))
alter table invoicedemo.Polizas add constraint FKly2d95qw6g8o69ayrgsfy575y foreign key (parentesco_id) references invoicedemo.Parentezco
alter table invoicedemo.Polizas add constraint FKlra0jrfgu0clwpeykcuahnoh8 foreign key (sexo_id) references invoicedemo.Sexo
INSERT INTO SEXO VALUES(1,1,'Maculino')
COMMIT
INSERT INTO SEXO VALUES(2,1,'Femenino')
COMMIT
INSERT INTO PARENTEZCO VALUES(1,1,'Afiliado Principal')
COMMIT
INSERT INTO PARENTEZCO VALUES(2,1,'Esposo ')
COMMIT
INSERT INTO PARENTEZCO VALUES(3,1,'Hijo')
COMMIT
INSERT INTO POLIZAS VALUES(1,1,'Poliz a','12321','11213','2023-10-28','Alberto','nombre',1,1)
COMMIT
